e:\lzycc234\projects\2020-2021 计网课程设计\ftp client\ftp client\debug\qrc_ftpclient.obj
e:\lzycc234\projects\2020-2021 计网课程设计\ftp client\ftp client\debug\moc_ftpclient.obj
e:\lzycc234\projects\2020-2021 计网课程设计\ftp client\ftp client\debug\vc140.pdb
e:\lzycc234\projects\2020-2021 计网课程设计\ftp client\ftp client\debug\main.obj
e:\lzycc234\projects\2020-2021 计网课程设计\ftp client\ftp client\debug\ftpclient.obj
e:\lzycc234\projects\2020-2021 计网课程设计\ftp client\ftp client\debug\formconnect.obj
e:\lzycc234\projects\2020-2021 计网课程设计\ftp client\ftp client\debug\moc_formconnect.obj
e:\lzycc234\projects\2020-2021 计网课程设计\ftp client\ftp client\debug\dialogconnect.obj
e:\lzycc234\projects\2020-2021 计网课程设计\ftp client\ftp client\debug\moc_dialogconnect.obj
e:\lzycc234\projects\2020-2021 计网课程设计\ftp client\ftp client\debug\uic\ui_ftpclient.h
e:\lzycc234\projects\2020-2021 计网课程设计\ftp client\ftp client\debug\rcc\qrc_ftpclient.cpp
e:\lzycc234\projects\2020-2021 计网课程设计\ftp client\ftp client\debug\moc\moc_ftpclient.cpp
e:\lzycc234\projects\2020-2021 计网课程设计\ftp client\ftp client\debug\uic\ui_formconnect.h
e:\lzycc234\projects\2020-2021 计网课程设计\ftp client\ftp client\debug\moc\moc_formconnect.cpp
e:\lzycc234\projects\2020-2021 计网课程设计\ftp client\ftp client\debug\uic\ui_dialogconnect.h
e:\lzycc234\projects\2020-2021 计网课程设计\ftp client\ftp client\debug\moc\moc_dialogconnect.cpp
e:\lzycc234\projects\2020-2021 计网课程设计\ftp client\debug\ftp client.ilk
e:\lzycc234\projects\2020-2021 计网课程设计\ftp client\debug\ftp client.exe
e:\lzycc234\projects\2020-2021 计网课程设计\ftp client\debug\ftp client.pdb
e:\lzycc234\projects\2020-2021 计网课程设计\ftp client\ftp client\debug\ftp client.tlog\cl.command.1.tlog
e:\lzycc234\projects\2020-2021 计网课程设计\ftp client\ftp client\debug\ftp client.tlog\cl.read.1.tlog
e:\lzycc234\projects\2020-2021 计网课程设计\ftp client\ftp client\debug\ftp client.tlog\cl.write.1.tlog
e:\lzycc234\projects\2020-2021 计网课程设计\ftp client\ftp client\debug\ftp client.tlog\ftp client.write.1u.tlog
e:\lzycc234\projects\2020-2021 计网课程设计\ftp client\ftp client\debug\ftp client.tlog\link.command.1.tlog
e:\lzycc234\projects\2020-2021 计网课程设计\ftp client\ftp client\debug\ftp client.tlog\link.read.1.tlog
e:\lzycc234\projects\2020-2021 计网课程设计\ftp client\ftp client\debug\ftp client.tlog\link.write.1.tlog
e:\lzycc234\projects\2020-2021 计网课程设计\ftp client\ftp client\debug\ftp client.tlog\moc.read.1u.tlog
e:\lzycc234\projects\2020-2021 计网课程设计\ftp client\ftp client\debug\ftp client.tlog\moc.write.1u.tlog
e:\lzycc234\projects\2020-2021 计网课程设计\ftp client\ftp client\debug\ftp client.tlog\rcc.read.1u.tlog
e:\lzycc234\projects\2020-2021 计网课程设计\ftp client\ftp client\debug\ftp client.tlog\rcc.write.1u.tlog
e:\lzycc234\projects\2020-2021 计网课程设计\ftp client\ftp client\debug\ftp client.tlog\uic.read.1u.tlog
e:\lzycc234\projects\2020-2021 计网课程设计\ftp client\ftp client\debug\ftp client.tlog\uic.write.1u.tlog
